Using pre-set license
Built from '2020.3/staging' branch; Version is '2020.3.19f1 (68f137dc9bbe) revision 6877495'; Using compiler version '192528614'; Build Type 'Release'
OS: 'Windows 10 Pro; OS build 19043.1237; Version 2009; 64bit' Language: 'es' Physical Memory: 16342 MB
BatchMode: 1, IsHumanControllingUs: 0, StartBugReporterOnCrash: 0, Is64bit: 1, IsPro: 0

COMMAND LINE ARGUMENTS:
C:\Program Files\Unity\Hub\Editor\2020.3.19f1\Editor\Unity.exe
-adb2
-batchMode
-noUpm
-name
AssetImportWorker0
-projectPath
D:/Pere Estades/Pere-Estades-entregrable1/pere-estades-entregrable1
-logFile
Logs/AssetImportWorker0.log
-srvPort
62482
Successfully changed project path to: D:/Pere Estades/Pere-Estades-entregrable1/pere-estades-entregrable1
D:/Pere Estades/Pere-Estades-entregrable1/pere-estades-entregrable1
Using Asset Import Pipeline V2.
Refreshing native plugins compatible for Editor in 31.00 ms, found 2 plugins.
Preloading 0 native plugins for Editor in 0.00 ms.
Initialize engine version: 2020.3.19f1 (68f137dc9bbe)
[Subsystems] Discovering subsystems at path C:/Program Files/Unity/Hub/Editor/2020.3.19f1/Editor/Data/Resources/UnitySubsystems
[Subsystems] Discovering subsystems at path D:/Pere Estades/Pere-Estades-entregrable1/pere-estades-entregrable1/Assets
GfxDevice: creating device client; threaded=0
Direct3D:
    Version:  Direct3D 11.0 [level 11.1]
    Renderer: NVIDIA GeForce GTX 1050 Ti (ID=0x1c82)
    Vendor:   
    VRAM:     4018 MB
    Driver:   27.21.14.5671
Initialize mono
Mono path[0] = 'C:/Program Files/Unity/Hub/Editor/2020.3.19f1/Editor/Data/Managed'
Mono path[1] = 'C:/Program Files/Unity/Hub/Editor/2020.3.19f1/Editor/Data/MonoBleedingEdge/lib/mono/unityjit'
Mono config path = 'C:/Program Files/Unity/Hub/Editor/2020.3.19f1/Editor/Data/MonoBleedingEdge/etc'
Using monoOptions --debugger-agent=transport=dt_socket,embedding=1,server=y,suspend=n,address=127.0.0.1:56208
Begin MonoManager ReloadAssembly
Registering precompiled unity dll's ...
Register platform support module: C:/Program Files/Unity/Hub/Editor/2020.3.19f1/Editor/Data/PlaybackEngines/WindowsStandaloneSupport/UnityEditor.WindowsStandalone.Extensions.dll
Registered in 0.002040 seconds.
Native extension for WindowsStandalone target not found
Refreshing native plugins compatible for Editor in 30.46 ms, found 2 plugins.
Preloading 0 native plugins for Editor in 0.00 ms.
Mono: successfully reloaded assembly
- Completed reload, in  1.242 seconds
Domain Reload Profiling:
	ReloadAssembly (1243ms)
		BeginReloadAssembly (65ms)
			ExecutionOrderSort (0ms)
			DisableScriptedObjects (0ms)
			BackupInstance (0ms)
			ReleaseScriptingObjects (0ms)
			CreateAndSetChildDomain (1ms)
		EndReloadAssembly (464ms)
			LoadAssemblies (63ms)
			RebuildTransferFunctionScriptingTraits (0ms)
			SetupTypeCache (175ms)
			ReleaseScriptCaches (0ms)
			RebuildScriptCaches (36ms)
			SetupLoadedEditorAssemblies (175ms)
				LogAssemblyErrors (0ms)
				InitializePlatformSupportModulesInManaged (4ms)
				SetLoadedEditorAssemblies (0ms)
				RefreshPlugins (31ms)
				BeforeProcessingInitializeOnLoad (10ms)
				ProcessInitializeOnLoadAttributes (96ms)
				ProcessInitializeOnLoadMethodAttributes (34ms)
				AfterProcessingInitializeOnLoad (0ms)
				EditorAssembliesLoaded (0ms)
			ExecutionOrderSort2 (0ms)
			AwakeInstancesAfterBackupRestoration (0ms)
Platform modules already initialized, skipping
Registering precompiled user dll's ...
Registered in 0.002258 seconds.
Begin MonoManager ReloadAssembly
Native extension for WindowsStandalone target not found
Refreshing native plugins compatible for Editor in 0.30 ms, found 2 plugins.
Preloading 0 native plugins for Editor in 0.00 ms.
Mono: successfully reloaded assembly
- Completed reload, in  1.128 seconds
Domain Reload Profiling:
	ReloadAssembly (1129ms)
		BeginReloadAssembly (166ms)
			ExecutionOrderSort (0ms)
			DisableScriptedObjects (5ms)
			BackupInstance (0ms)
			ReleaseScriptingObjects (0ms)
			CreateAndSetChildDomain (22ms)
		EndReloadAssembly (886ms)
			LoadAssemblies (95ms)
			RebuildTransferFunctionScriptingTraits (0ms)
			SetupTypeCache (322ms)
			ReleaseScriptCaches (0ms)
			RebuildScriptCaches (45ms)
			SetupLoadedEditorAssemblies (320ms)
				LogAssemblyErrors (0ms)
				InitializePlatformSupportModulesInManaged (6ms)
				SetLoadedEditorAssemblies (1ms)
				RefreshPlugins (0ms)
				BeforeProcessingInitializeOnLoad (58ms)
				ProcessInitializeOnLoadAttributes (244ms)
				ProcessInitializeOnLoadMethodAttributes (5ms)
				AfterProcessingInitializeOnLoad (7ms)
				EditorAssembliesLoaded (0ms)
			ExecutionOrderSort2 (0ms)
			AwakeInstancesAfterBackupRestoration (9ms)
Platform modules already initialized, skipping
========================================================================
Worker process is ready to serve import requests
Launched and connected shader compiler UnityShaderCompiler.exe after 0.05 seconds
Refreshing native plugins compatible for Editor in 0.34 ms, found 2 plugins.
Preloading 0 native plugins for Editor in 0.00 ms.
Unloading 1397 Unused Serialized files (Serialized files now loaded: 0)
System memory in use before: 64.9 MB.
System memory in use after: 64.9 MB.

Unloading 16 unused Assets to reduce memory usage. Loaded Objects now: 1832.
Total: 3.649000 ms (FindLiveObjects: 0.146500 ms CreateObjectMapping: 0.048600 ms MarkObjects: 3.346900 ms  DeleteObjects: 0.105800 ms)

AssetImportParameters requested are different than current active one (requested -> active):
  custom:framework-win-MediaFoundation: 216162199b28c13a410421893ffa2e32 -> 
  custom:video-decoder-ogg-theora: a1e56fd34408186e4bbccfd4996cb3dc -> 
  custom:container-muxer-webm: aa71ff27fc2769a1b78a27578f13a17b -> 
  custom:container-demuxer-webm: 4f35f7cbe854078d1ac9338744f61a02 -> 
  custom:container-demuxer-ogg: 62fdf1f143b41e24485cea50d1cbac27 -> 
  custom:video-encoder-webm-vp8: eb34c28f22e8b96e1ab97ce403110664 -> 
  custom:video-decoder-webm-vp8: 9c59270c3fd7afecdb556c50c9e8de78 -> 
  custom:audio-decoder-ogg-vorbis: bf7c407c2cedff20999df2af8eb42d56 -> 
  custom:audio-encoder-webm-vorbis: bf7c407c2cedff20999df2af8eb42d56 -> 
========================================================================
Received Import Request.
  path: Assets/Prefabs/Player.prefab
  artifactKey: Guid(41d968ffd2ee6f44e9558e68bf3d3fc4) Importer(815301076,1909f56bfc062723c751e8b465ee728b)
Start importing Assets/Prefabs/Player.prefab using Guid(41d968ffd2ee6f44e9558e68bf3d3fc4) Importer(815301076,1909f56bfc062723c751e8b465ee728b)  -> (artifact id: '7459d3d5a623d2f3621c379a8680ada5') in 0.108884 seconds 
  Import took 0.111344 seconds .

========================================================================
Received Import Request.
  Time since last request: 0.000376 seconds.
  path: Assets/Prefabs/Player Variant.prefab
  artifactKey: Guid(3cceefacbd4884248beb8526b36029f5) Importer(815301076,1909f56bfc062723c751e8b465ee728b)
Start importing Assets/Prefabs/Player Variant.prefab using Guid(3cceefacbd4884248beb8526b36029f5) Importer(815301076,1909f56bfc062723c751e8b465ee728b)  -> (artifact id: 'fe93346ba6e9c85dd959f7b148067e33') in 0.010377 seconds 
  Import took 0.013228 seconds .

========================================================================
Received Import Request.
  Time since last request: 8.492847 seconds.
  path: Assets/Prefabs/Player Variant.prefab
  artifactKey: Guid(3cceefacbd4884248beb8526b36029f5) Importer(815301076,1909f56bfc062723c751e8b465ee728b)
Start importing Assets/Prefabs/Player Variant.prefab using Guid(3cceefacbd4884248beb8526b36029f5) Importer(815301076,1909f56bfc062723c751e8b465ee728b)  -> (artifact id: '983c730b933f74e1146219461a76e702') in 0.011876 seconds 
  Import took 0.015338 seconds .

========================================================================
Received Import Request.
  Time since last request: 0.000315 seconds.
  path: Assets/Prefabs/Player.prefab
  artifactKey: Guid(41d968ffd2ee6f44e9558e68bf3d3fc4) Importer(815301076,1909f56bfc062723c751e8b465ee728b)
Start importing Assets/Prefabs/Player.prefab using Guid(41d968ffd2ee6f44e9558e68bf3d3fc4) Importer(815301076,1909f56bfc062723c751e8b465ee728b)  -> (artifact id: 'c9f53fcb2e282c37da8ded57c743e15d') in 0.009479 seconds 
  Import took 0.012337 seconds .

========================================================================
Received Import Request.
  Time since last request: 7.011022 seconds.
  path: Assets/Prefabs/Player Variant.prefab
  artifactKey: Guid(3cceefacbd4884248beb8526b36029f5) Importer(815301076,1909f56bfc062723c751e8b465ee728b)
Start importing Assets/Prefabs/Player Variant.prefab using Guid(3cceefacbd4884248beb8526b36029f5) Importer(815301076,1909f56bfc062723c751e8b465ee728b)  -> (artifact id: 'ac324a65316117b34f0bae558eff65a4') in 0.010232 seconds 
  Import took 0.014152 seconds .

========================================================================
Received Import Request.
  Time since last request: 0.000307 seconds.
  path: Assets/Prefabs/Player.prefab
  artifactKey: Guid(41d968ffd2ee6f44e9558e68bf3d3fc4) Importer(815301076,1909f56bfc062723c751e8b465ee728b)
Start importing Assets/Prefabs/Player.prefab using Guid(41d968ffd2ee6f44e9558e68bf3d3fc4) Importer(815301076,1909f56bfc062723c751e8b465ee728b)  -> (artifact id: '49a16f17b06047fe878fb883b52cc98a') in 0.014204 seconds 
  Import took 0.017536 seconds .

========================================================================
Received Import Request.
  Time since last request: 3.590449 seconds.
  path: Assets/Prefabs/Player Variant.prefab
  artifactKey: Guid(3cceefacbd4884248beb8526b36029f5) Importer(815301076,1909f56bfc062723c751e8b465ee728b)
Start importing Assets/Prefabs/Player Variant.prefab using Guid(3cceefacbd4884248beb8526b36029f5) Importer(815301076,1909f56bfc062723c751e8b465ee728b)  -> (artifact id: 'f7df3ea9c25fcc001c0e180916e595d9') in 0.009696 seconds 
  Import took 0.013236 seconds .

========================================================================
Received Import Request.
  Time since last request: 0.000323 seconds.
  path: Assets/Prefabs/Player.prefab
  artifactKey: Guid(41d968ffd2ee6f44e9558e68bf3d3fc4) Importer(815301076,1909f56bfc062723c751e8b465ee728b)
Start importing Assets/Prefabs/Player.prefab using Guid(41d968ffd2ee6f44e9558e68bf3d3fc4) Importer(815301076,1909f56bfc062723c751e8b465ee728b)  -> (artifact id: '8ed149a24ab92502afca9e1904492158') in 0.008251 seconds 
  Import took 0.011059 seconds .

========================================================================
Received Import Request.
  Time since last request: 120.828527 seconds.
  path: Assets/Prefabs/Player Variant.prefab
  artifactKey: Guid(3cceefacbd4884248beb8526b36029f5) Importer(815301076,1909f56bfc062723c751e8b465ee728b)
Start importing Assets/Prefabs/Player Variant.prefab using Guid(3cceefacbd4884248beb8526b36029f5) Importer(815301076,1909f56bfc062723c751e8b465ee728b)  -> (artifact id: '71fa437fd4c53bca11066637d4301e45') in 0.008510 seconds 
  Import took 0.011799 seconds .

========================================================================
Received Import Request.
  Time since last request: 0.000366 seconds.
  path: Assets/Prefabs/Player.prefab
  artifactKey: Guid(41d968ffd2ee6f44e9558e68bf3d3fc4) Importer(815301076,1909f56bfc062723c751e8b465ee728b)
Start importing Assets/Prefabs/Player.prefab using Guid(41d968ffd2ee6f44e9558e68bf3d3fc4) Importer(815301076,1909f56bfc062723c751e8b465ee728b)  -> (artifact id: '79bc82aacf85a74650299505c360c063') in 0.016563 seconds 
  Import took 0.019444 seconds .

========================================================================
Received Import Request.
  Time since last request: 16.477613 seconds.
  path: Assets/textura
  artifactKey: Guid(554fa1292875c1a449be61f4e4dad5f7) Importer(815301076,1909f56bfc062723c751e8b465ee728b)
Start importing Assets/textura using Guid(554fa1292875c1a449be61f4e4dad5f7) Importer(815301076,1909f56bfc062723c751e8b465ee728b)  -> (artifact id: '56fb91e045b4a05d289a056a8d8dc37a') in 0.002383 seconds 
  Import took 0.005425 seconds .

AssetImportWorkerClient::OnTransportError - code=2 error=End of file
